<?xml version="1.0" encoding="UTF-8"?>
<!-- Generated by org.testng.reporters.JUnitXMLReporter -->
<testsuite hostname="PF19GKQ2" ignored="0" name="Test" tests="6" failures="0" timestamp="28 Nov 2019 05:30:50 GMT" time="10.049" errors="0">
  <testcase name="getResponseCode" time="0.008" classname="TestCases.tc1GetAllEmployeeData"/>
  <testcase name="getStatusLine" time="0.005" classname="TestCases.tc1GetAllEmployeeData"/>
  <testcase name="getResponseCode" time="0.001" classname="TestCases.tc2GetSingleEmployeeDetails"/>
  <testcase name="getStatusLine" time="0.002" classname="TestCases.tc2GetSingleEmployeeDetails"/>
  <testcase name="getResponseCode" time="0.006" classname="TestCases.tc3GetEmployeeDelete"/>
  <testcase name="getStatusLine" time="0.004" classname="TestCases.tc3GetEmployeeDelete"/>
</testsuite> <!-- Test -->
